-------------------------------------------------------------------------------
Test set: com.victor.springapi.ApplicationTests
-------------------------------------------------------------------------------
Tests run: 1, Failures: 0, Errors: 1, Skipped: 0, Time elapsed: 0.325 s <<< FAILURE! - in com.victor.springapi.ApplicationTests
com.victor.springapi.ApplicationTests  Time elapsed: 0.324 s  <<< ERROR!
java.lang.IllegalStateException: Unable to find a @SpringBootConfiguration, you need to use @ContextConfiguration or @SpringBootTest(classes=...) with your test

